2024-10-03 20:42:53,438 - INFO - Input box filled with: two ability oil cargo ship fan can try final?
2024-10-03 20:45:28,456 - ERROR - Div not found or took too long to load: Message: 
Stacktrace:
	GetHandleVerifier [0x00007FF72490B645+29573]
	(No symbol) [0x00007FF724880470]
	(No symbol) [0x00007FF72473B6EA]
	(No symbol) [0x00007FF72478F815]
	(No symbol) [0x00007FF72478FA6C]
	(No symbol) [0x00007FF7247DB917]
	(No symbol) [0x00007FF7247B733F]
	(No symbol) [0x00007FF7247D86BC]
	(No symbol) [0x00007FF7247B70A3]
	(No symbol) [0x00007FF7247812DF]
	(No symbol) [0x00007FF724782441]
	GetHandleVerifier [0x00007FF724C3C58D+3375821]
	GetHandleVerifier [0x00007FF724C87987+3684039]
	GetHandleVerifier [0x00007FF724C7CDAB+3640043]
	GetHandleVerifier [0x00007FF7249CB7C6+816390]
	(No symbol) [0x00007FF72488B77F]
	(No symbol) [0x00007FF7248875A4]
	(No symbol) [0x00007FF724887740]
	(No symbol) [0x00007FF72487659F]
	BaseThreadInitThunk [0x00007FF8A014DBE7+23]
	RtlUserThreadStart [0x00007FF8A2025A6C+44]

2024-10-03 20:46:07,935 - ERROR - Div not found or took too long to load: Message: 
Stacktrace:
	GetHandleVerifier [0x00007FF72490B645+29573]
	(No symbol) [0x00007FF724880470]
	(No symbol) [0x00007FF72473B6EA]
	(No symbol) [0x00007FF72478F815]
	(No symbol) [0x00007FF72478FA6C]
	(No symbol) [0x00007FF7247DB917]
	(No symbol) [0x00007FF7247B733F]
	(No symbol) [0x00007FF7247D86BC]
	(No symbol) [0x00007FF7247B70A3]
	(No symbol) [0x00007FF7247812DF]
	(No symbol) [0x00007FF724782441]
	GetHandleVerifier [0x00007FF724C3C58D+3375821]
	GetHandleVerifier [0x00007FF724C87987+3684039]
	GetHandleVerifier [0x00007FF724C7CDAB+3640043]
	GetHandleVerifier [0x00007FF7249CB7C6+816390]
	(No symbol) [0x00007FF72488B77F]
	(No symbol) [0x00007FF7248875A4]
	(No symbol) [0x00007FF724887740]
	(No symbol) [0x00007FF72487659F]
	BaseThreadInitThunk [0x00007FF8A014DBE7+23]
	RtlUserThreadStart [0x00007FF8A2025A6C+44]

2024-10-03 20:46:46,408 - ERROR - Div not found or took too long to load: Message: 
Stacktrace:
	GetHandleVerifier [0x00007FF72490B645+29573]
	(No symbol) [0x00007FF724880470]
	(No symbol) [0x00007FF72473B6EA]
	(No symbol) [0x00007FF72478F815]
	(No symbol) [0x00007FF72478FA6C]
	(No symbol) [0x00007FF7247DB917]
	(No symbol) [0x00007FF7247B733F]
	(No symbol) [0x00007FF7247D86BC]
	(No symbol) [0x00007FF7247B70A3]
	(No symbol) [0x00007FF7247812DF]
	(No symbol) [0x00007FF724782441]
	GetHandleVerifier [0x00007FF724C3C58D+3375821]
	GetHandleVerifier [0x00007FF724C87987+3684039]
	GetHandleVerifier [0x00007FF724C7CDAB+3640043]
	GetHandleVerifier [0x00007FF7249CB7C6+816390]
	(No symbol) [0x00007FF72488B77F]
	(No symbol) [0x00007FF7248875A4]
	(No symbol) [0x00007FF724887740]
	(No symbol) [0x00007FF72487659F]
	BaseThreadInitThunk [0x00007FF8A014DBE7+23]
	RtlUserThreadStart [0x00007FF8A2025A6C+44]

2024-10-03 20:47:23,397 - ERROR - Div not found or took too long to load: Message: 
Stacktrace:
	GetHandleVerifier [0x00007FF72490B645+29573]
	(No symbol) [0x00007FF724880470]
	(No symbol) [0x00007FF72473B6EA]
	(No symbol) [0x00007FF72478F815]
	(No symbol) [0x00007FF72478FA6C]
	(No symbol) [0x00007FF7247DB917]
	(No symbol) [0x00007FF7247B733F]
	(No symbol) [0x00007FF7247D86BC]
	(No symbol) [0x00007FF7247B70A3]
	(No symbol) [0x00007FF7247812DF]
	(No symbol) [0x00007FF724782441]
	GetHandleVerifier [0x00007FF724C3C58D+3375821]
	GetHandleVerifier [0x00007FF724C87987+3684039]
	GetHandleVerifier [0x00007FF724C7CDAB+3640043]
	GetHandleVerifier [0x00007FF7249CB7C6+816390]
	(No symbol) [0x00007FF72488B77F]
	(No symbol) [0x00007FF7248875A4]
	(No symbol) [0x00007FF724887740]
	(No symbol) [0x00007FF72487659F]
	BaseThreadInitThunk [0x00007FF8A014DBE7+23]
	RtlUserThreadStart [0x00007FF8A2025A6C+44]

